SF:lib/src/history_value_notifier/history_value_notifier.dart
DA:17,1
LF:1
LH:1
end_of_record
SF:lib/src/history_value_notifier/history_value_notifier_mixin.dart
DA:15,2
DA:16,1
DA:18,2
DA:21,1
DA:23,3
DA:24,3
DA:25,4
DA:29,4
DA:31,2
DA:32,3
DA:39,1
DA:41,1
DA:42,2
DA:43,3
DA:44,2
DA:45,1
DA:46,4
DA:47,4
DA:51,1
DA:52,2
DA:60,1
DA:62,1
DA:70,0
DA:73,6
DA:76,3
DA:80,1
DA:87,1
DA:95,1
DA:107,1
DA:109,1
DA:113,1
DA:114,2
DA:115,7
DA:120,1
DA:121,2
DA:122,7
DA:127,0
DA:128,0
DA:129,0
DA:130,0
DA:137,1
DA:138,1
DA:139,2
DA:142,1
DA:143,1
DA:144,6
DA:145,1
DA:149,0
DA:152,0
DA:153,0
LF:50
LH:42
end_of_record
