SF:lib/src/where_value_notifier/where_value_notifier_mixin.dart
DA:8,2
DA:10,1
DA:11,1
DA:13,1
DA:15,1
DA:16,1
DA:17,2
LF:7
LH:7
end_of_record
SF:lib/src/where_value_notifier/where_value_notifier.dart
DA:28,1
LF:1
LH:1
end_of_record
SF:lib/src/select_value_notifier/select_value_notifier.dart
DA:15,1
DA:18,3
DA:19,3
DA:30,1
DA:33,1
DA:36,1
DA:37,5
DA:40,0
DA:42,0
DA:43,0
DA:55,1
DA:56,1
LF:12
LH:9
end_of_record
SF:lib/src/history_value_notifier/history_value_notifier.dart
DA:17,1
LF:1
LH:1
end_of_record
SF:lib/src/history_value_notifier/history_value_notifier_mixin.dart
DA:15,0
DA:16,0
DA:18,0
DA:21,0
DA:23,0
DA:24,0
DA:25,0
DA:29,2
DA:31,2
DA:32,3
DA:39,1
DA:41,1
DA:42,2
DA:43,3
DA:44,2
DA:45,1
DA:46,0
DA:47,0
DA:51,1
DA:52,2
DA:60,1
DA:62,1
DA:70,0
DA:73,6
DA:76,3
DA:80,1
DA:87,1
DA:95,1
DA:107,1
DA:109,1
DA:113,1
DA:114,2
DA:115,7
DA:120,1
DA:121,2
DA:122,7
DA:127,0
DA:128,0
DA:129,0
DA:130,0
DA:137,1
DA:138,1
DA:139,2
DA:142,1
DA:143,1
DA:144,6
DA:145,1
DA:149,0
DA:152,0
DA:153,0
LF:50
LH:33
end_of_record
