SF:lib/src/data/visvalingam_simplifier.dart
DA:18,1
DA:20,1
DA:25,3
DA:28,1
DA:29,1
DA:31,2
DA:35,1
DA:36,1
DA:37,5
DA:38,2
DA:42,2
DA:44,1
DA:48,2
DA:53,2
DA:57,1
DA:58,1
DA:59,1
DA:62,1
DA:64,1
DA:67,1
DA:70,1
DA:71,1
DA:77,1
DA:79,4
DA:80,1
DA:82,1
DA:83,2
DA:84,1
DA:85,2
DA:87,1
DA:95,1
DA:102,1
DA:103,1
DA:104,3
DA:109,1
DA:112,1
DA:114,1
DA:115,1
DA:116,1
DA:123,1
DA:124,1
DA:125,1
LF:42
LH:42
end_of_record
SF:lib/src/data/rdp_simplifier.dart
DA:12,1
DA:14,1
DA:19,2
DA:24,4
DA:25,1
DA:26,1
DA:27,1
DA:28,1
DA:30,1
DA:36,4
DA:38,1
DA:39,2
DA:42,1
DA:43,1
DA:47,1
DA:48,3
DA:49,1
DA:50,1
LF:18
LH:18
end_of_record
SF:lib/src/data/utils.dart
DA:10,2
DA:15,16
DA:16,14
DA:17,2
DA:19,20
DA:20,2
DA:24,1
DA:29,17
DA:30,1
DA:31,1
LF:10
LH:10
end_of_record
