SF:lib/src/view/simplification/simplifier.dart
DA:11,4
DA:23,4
DA:25,1
DA:27,6
DA:29,1
DA:33,2
DA:34,3
LF:7
LH:7
end_of_record
SF:lib/src/domain/model/sketch/sketch.dart
DA:19,2
LF:1
LH:1
end_of_record
SF:lib/src/domain/model/sketch/sketch.g.dart
DA:9,2
DA:10,1
DA:11,3
DA:12,1
DA:15,0
DA:16,0
DA:17,0
LF:7
LH:4
end_of_record
SF:lib/src/view/notifier/scribble_notifier.dart
DA:23,0
DA:59,0
DA:63,0
DA:66,0
DA:71,0
DA:72,0
DA:84,0
DA:100,0
DA:101,0
DA:103,0
DA:108,0
DA:110,0
DA:113,0
DA:130,0
DA:134,0
DA:135,0
DA:144,0
DA:150,0
DA:151,0
DA:160,0
DA:161,0
DA:165,0
DA:167,0
DA:172,0
DA:173,0
DA:174,0
DA:176,0
DA:177,0
DA:178,0
DA:179,0
DA:180,0
DA:181,0
DA:183,0
DA:185,0
DA:186,0
DA:187,0
DA:188,0
DA:189,0
DA:195,0
DA:196,0
DA:202,0
DA:203,0
DA:204,0
DA:205,0
DA:206,0
DA:207,0
DA:208,0
DA:214,0
DA:215,0
DA:224,0
DA:225,0
DA:226,0
DA:232,0
DA:233,0
DA:234,0
DA:235,0
DA:236,0
DA:237,0
DA:238,0
DA:240,0
DA:241,0
DA:242,0
DA:243,0
DA:244,0
DA:245,0
DA:246,0
DA:257,0
DA:258,0
DA:264,0
DA:266,0
DA:267,0
DA:269,0
DA:274,0
DA:276,0
DA:277,0
DA:280,0
DA:281,0
DA:282,0
DA:284,0
DA:285,0
DA:286,0
DA:289,0
DA:291,0
DA:292,0
DA:293,0
DA:294,0
DA:295,0
DA:296,0
DA:297,0
DA:301,0
DA:302,0
DA:307,0
DA:309,0
DA:310,0
DA:311,0
DA:316,0
DA:317,0
DA:318,0
DA:320,0
DA:321,0
DA:322,0
DA:328,0
DA:330,0
DA:332,0
DA:333,0
DA:334,0
DA:337,0
DA:339,0
DA:340,0
DA:343,0
DA:349,0
DA:351,0
DA:352,0
DA:353,0
DA:356,0
DA:358,0
DA:359,0
DA:362,0
DA:367,0
DA:369,0
DA:370,0
DA:373,0
DA:377,0
DA:378,0
DA:379,0
DA:380,0
DA:381,0
DA:383,0
DA:384,0
DA:385,0
DA:386,0
DA:387,0
DA:388,0
DA:389,0
DA:395,0
DA:396,0
DA:397,0
DA:398,0
DA:399,0
DA:400,0
DA:401,0
DA:402,0
DA:405,0
DA:410,0
DA:411,0
DA:413,0
DA:414,0
DA:415,0
DA:416,0
DA:417,0
DA:418,0
DA:422,0
DA:423,0
DA:424,0
DA:425,0
DA:426,0
DA:428,0
DA:430,0
DA:431,0
DA:432,0
DA:433,0
DA:434,0
DA:435,0
LF:163
LH:0
end_of_record
SF:lib/src/view/scribble.dart
DA:19,0
DA:39,0
DA:41,0
DA:42,0
DA:43,0
DA:45,0
DA:46,0
DA:47,0
DA:48,0
DA:50,0
DA:51,0
DA:53,0
DA:54,0
DA:55,0
DA:56,0
DA:57,0
DA:58,0
DA:64,0
DA:66,0
DA:67,0
DA:68,0
DA:70,0
DA:71,0
DA:74,0
DA:75,0
DA:76,0
DA:77,0
DA:78,0
DA:79,0
DA:80,0
LF:30
LH:0
end_of_record
SF:lib/src/view/scribble_sketch.dart
DA:13,0
DA:28,0
DA:30,0
DA:31,0
DA:32,0
DA:33,0
LF:6
LH:0
end_of_record
SF:lib/src/view/state/scribble.state.dart
DA:108,0
DA:109,0
DA:110,0
DA:114,0
DA:118,0
DA:119,0
DA:120,0
DA:121,0
DA:122,0
DA:127,0
DA:128,0
DA:129,0
DA:130,0
DA:131,0
DA:133,0
DA:138,0
LF:16
LH:0
end_of_record
SF:lib/src/view/state/scribble.state.g.dart
DA:9,0
DA:10,0
DA:11,0
DA:12,0
DA:14,0
DA:15,0
DA:16,0
DA:18,0
DA:19,0
DA:20,0
DA:22,0
DA:24,0
DA:25,0
DA:26,0
DA:27,0
DA:29,0
DA:30,0
DA:33,0
DA:34,0
DA:35,0
DA:36,0
DA:38,0
DA:39,0
DA:40,0
DA:41,0
DA:42,0
DA:43,0
DA:44,0
DA:45,0
DA:55,0
DA:56,0
DA:57,0
DA:58,0
DA:59,0
DA:61,0
DA:62,0
DA:63,0
DA:65,0
DA:67,0
DA:68,0
DA:69,0
DA:71,0
DA:72,0
DA:75,0
DA:76,0
DA:77,0
DA:79,0
DA:80,0
DA:81,0
DA:82,0
DA:83,0
DA:84,0
DA:85,0
LF:53
LH:0
end_of_record
SF:lib/src/domain/iterable_removed_x.dart
DA:8,2
DA:9,8
DA:11,6
DA:16,2
DA:17,2
DA:19,2
DA:20,8
DA:21,2
DA:22,2
DA:24,6
DA:25,2
DA:31,1
DA:32,3
DA:33,2
DA:34,1
LF:15
LH:15
end_of_record
SF:lib/src/domain/model/point/point.dart
DA:18,2
DA:21,2
LF:2
LH:2
end_of_record
SF:lib/src/domain/model/point/point.g.dart
DA:9,2
DA:10,2
DA:11,2
DA:12,2
DA:15,0
DA:16,0
DA:17,0
DA:18,0
DA:19,0
LF:9
LH:4
end_of_record
SF:lib/src/domain/model/sketch_line/sketch_line.dart
DA:25,1
DA:26,1
LF:2
LH:2
end_of_record
SF:lib/src/domain/model/sketch_line/sketch_line.g.dart
DA:9,1
DA:10,1
DA:11,1
DA:12,3
DA:13,1
DA:14,1
DA:15,2
DA:18,0
DA:19,0
DA:20,0
DA:21,0
DA:22,0
LF:12
LH:7
end_of_record
SF:lib/src/view/painting/point_to_offset_x.dart
DA:8,0
LF:1
LH:0
end_of_record
SF:lib/src/view/painting/sketch_line_path_mixin.dart
DA:14,0
DA:18,0
DA:19,0
DA:20,0
DA:21,0
DA:22,0
DA:23,0
DA:25,0
DA:26,0
DA:30,0
DA:32,0
DA:33,0
DA:34,0
DA:35,0
DA:36,0
DA:41,0
DA:43,0
DA:44,0
DA:45,0
DA:46,0
DA:47,0
DA:48,0
DA:49,0
DA:50,0
LF:24
LH:0
end_of_record
SF:lib/src/view/painting/scribble_editing_painter.dart
DA:12,0
DA:32,0
DA:34,0
DA:36,0
DA:37,0
DA:38,0
DA:41,0
DA:43,0
DA:44,0
DA:48,0
DA:49,0
DA:51,0
DA:52,0
DA:53,0
DA:55,0
DA:56,0
DA:57,0
DA:59,0
DA:60,0
DA:61,0
DA:62,0
DA:68,0
DA:70,0
LF:23
LH:0
end_of_record
SF:lib/src/view/painting/scribble_painter.dart
DA:8,0
DA:19,0
DA:21,0
DA:23,0
DA:24,0
DA:28,0
DA:29,0
DA:33,0
DA:35,0
DA:36,0
LF:10
LH:0
end_of_record
SF:lib/src/view/pan_gesture_catcher.dart
DA:12,0
DA:24,0
DA:26,0
DA:27,0
DA:28,0
DA:30,0
DA:31,0
DA:33,0
DA:35,0
DA:38,0
DA:45,0
DA:48,0
DA:50,0
DA:53,0
DA:56,0
DA:58,0
LF:16
LH:0
end_of_record
